app/build/outputs/logs/manifest-merger-debug-report.txt
-- Merging decision tree log ---
manifest
ADDED from src\main\AndroidManifest.xml:2:1-49:12
INJECTED from src\main\AndroidManifest.xml:2:1-49:12
INJECTED from src\main\AndroidManifest.xml:2:1-49:12
INJECTED from src\main\AndroidManifest.xml:2:1-49:12
MERGED from [com.android.support:appcompat-v7:27.1.1] AndroidManifest.xml:17:1-22:12
MERGED from [:FastBleLib] AndroidManifest.xml:2:1-16:12
MERGED from [com.android.support:support-fragment:27.1.1] AndroidManifest.xml:17:1-22:12
MERGED from [com.android.support:animated-vector-drawable:27.1.1] AndroidManifest.xml:17:1-22:12
MERGED from [com.android.support:support-core-ui:27.1.1] AndroidManifest.xml:17:1-22:12
MERGED from [com.android.support:support-core-utils:27.1.1] AndroidManifest.xml:17:1-22:12
MERGED from [com.android.support:support-vector-drawable:27.1.1] AndroidManifest.xml:17:1-22:12
MERGED from [com.android.support:support-compat:27.1.1] AndroidManifest.xml:17:1-22:12
MERGED from [android.arch.lifecycle:livedata-core:1.1.0] AndroidManifest.xml:17:1-22:12
MERGED from [android.arch.lifecycle:viewmodel:1.1.0] AndroidManifest.xml:17:1-22:12
MERGED from [android.arch.lifecycle:runtime:1.1.0] AndroidManifest.xml:17:1-22:12
MERGED from [android.arch.core:runtime:1.1.0] AndroidManifest.xml:17:1-22:12
INJECTED from src\main\AndroidManifest.xml:2:1-49:12
INJECTED from src\main\AndroidManifest.xml:2:1-49:12
INJECTED from src\main\AndroidManifest.xml:2:1-49:12
	package
		ADDED from src\main\AndroidManifest.xml:3:5-30
		INJECTED from src\main\AndroidManifest.xml
		INJECTED from src\main\AndroidManifest.xml
	android:versionName
		ADDED from src\main\AndroidManifest.xml:5:5-32
		INJECTED from src\main\AndroidManifest.xml
		INJECTED from src\main\AndroidManifest.xml
	xmlns:android
		ADDED from src\main\AndroidManifest.xml:2:11-69
	android:versionCode
		ADDED from src\main\AndroidManifest.xml:4:5-28
		INJECTED from src\main\AndroidManifest.xml
		INJECTED from src\main\AndroidManifest.xml
uses-permission#android.permission.BLUETOOTH
ADDED from src\main\AndroidManifest.xml:6:5-67
MERGED from [:FastBleLib] AndroidManifest.xml:11:5-68
MERGED from [:FastBleLib] AndroidManifest.xml:11:5-68
	android:name
		ADDED from src\main\AndroidManifest.xml:6:22-65
uses-permission#android.permission.BLUETOOTH_ADMIN
ADDED from src\main\AndroidManifest.xml:7:5-73
MERGED from [:FastBleLib] AndroidManifest.xml:12:5-74
MERGED from [:FastBleLib] AndroidManifest.xml:12:5-74
	android:name
		ADDED from src\main\AndroidManifest.xml:7:22-71
uses-feature#android.hardware.bluetooth_le
ADDED from src\main\AndroidManifest.xml:8:5-89
	android:required
		ADDED from src\main\AndroidManifest.xml:8:64-87
	android:name
		ADDED from src\main\AndroidManifest.xml:8:19-63
uses-sdk
ADDED from src\main\AndroidManifest.xml:11:5-13:41
INJECTED from src\main\AndroidManifest.xml:11:5-13:41
INJECTED from src\main\AndroidManifest.xml:11:5-13:41
MERGED from [com.android.support:appcompat-v7:27.1.1] AndroidManifest.xml:20:5-44
MERGED from [com.android.support:appcompat-v7:27.1.1] AndroidManifest.xml:20:5-44
MERGED from [:FastBleLib] AndroidManifest.xml:7:5-9:41
MERGED from [:FastBleLib] AndroidManifest.xml:7:5-9:41
MERGED from [com.android.support:support-fragment:27.1.1] AndroidManifest.xml:20:5-44
MERGED from [com.android.support:support-fragment:27.1.1] AndroidManifest.xml:20:5-44
MERGED from [com.android.support:animated-vector-drawable:27.1.1] AndroidManifest.xml:20:5-44
MERGED from [com.android.support:animated-vector-drawable:27.1.1] AndroidManifest.xml:20:5-44
MERGED from [com.android.support:support-core-ui:27.1.1] AndroidManifest.xml:20:5-44
MERGED from [com.android.support:support-core-ui:27.1.1] AndroidManifest.xml:20:5-44
MERGED from [com.android.support:support-core-utils:27.1.1] AndroidManifest.xml:20:5-44
MERGED from [com.android.support:support-core-utils:27.1.1] AndroidManifest.xml:20:5-44
MERGED from [com.android.support:support-vector-drawable:27.1.1] AndroidManifest.xml:20:5-44
MERGED from [com.android.support:support-vector-drawable:27.1.1] AndroidManifest.xml:20:5-44
MERGED from [com.android.support:support-compat:27.1.1] AndroidManifest.xml:20:5-44
MERGED from [com.android.support:support-compat:27.1.1] AndroidManifest.xml:20:5-44
MERGED from [android.arch.lifecycle:livedata-core:1.1.0] AndroidManifest.xml:20:5-44
MERGED from [android.arch.lifecycle:livedata-core:1.1.0] AndroidManifest.xml:20:5-44
MERGED from [android.arch.lifecycle:viewmodel:1.1.0] AndroidManifest.xml:20:5-44
MERGED from [android.arch.lifecycle:viewmodel:1.1.0] AndroidManifest.xml:20:5-44
MERGED from [android.arch.lifecycle:runtime:1.1.0] AndroidManifest.xml:20:5-44
MERGED from [android.arch.lifecycle:runtime:1.1.0] AndroidManifest.xml:20:5-44
MERGED from [android.arch.core:runtime:1.1.0] AndroidManifest.xml:20:5-44
MERGED from [android.arch.core:runtime:1.1.0] AndroidManifest.xml:20:5-44
INJECTED from src\main\AndroidManifest.xml:11:5-13:41
INJECTED from src\main\AndroidManifest.xml:11:5-13:41
	android:targetSdkVersion
		ADDED from src\main\AndroidManifest.xml:13:9-38
		INJECTED from src\main\AndroidManifest.xml
		INJECTED from src\main\AndroidManifest.xml
	android:minSdkVersion
		ADDED from src\main\AndroidManifest.xml:12:9-35
		INJECTED from src\main\AndroidManifest.xml
		INJECTED from src\main\AndroidManifest.xml
application
ADDED from src\main\AndroidManifest.xml:15:5-47:19
	android:label
		ADDED from src\main\AndroidManifest.xml:18:9-41
	android:icon
		ADDED from src\main\AndroidManifest.xml:17:9-45
	android:theme
		ADDED from src\main\AndroidManifest.xml:19:9-40
	android:name
		ADDED from src\main\AndroidManifest.xml:16:9-43
activity#com.way.pattern.UnlockGesturePasswordActivity
ADDED from src\main\AndroidManifest.xml:20:9-28:20
	android:screenOrientation
		ADDED from src\main\AndroidManifest.xml:23:13-49
	android:launchMode
		ADDED from src\main\AndroidManifest.xml:22:13-44
	android:name
		ADDED from src\main\AndroidManifest.xml:21:13-73
intent-filter#action:name:android.intent.action.MAIN+category:name:android.intent.category.LAUNCHER
ADDED from src\main\AndroidManifest.xml:24:13-27:29
action#android.intent.action.MAIN
ADDED from src\main\AndroidManifest.xml:25:17-69
	android:name
		ADDED from src\main\AndroidManifest.xml:25:25-66
category#android.intent.category.LAUNCHER
ADDED from src\main\AndroidManifest.xml:26:17-77
	android:name
		ADDED from src\main\AndroidManifest.xml:26:27-74
activity#com.way.pattern.CreateGesturePasswordActivity
ADDED from src\main\AndroidManifest.xml:29:9-32:52
	android:screenOrientation
		ADDED from src\main\AndroidManifest.xml:32:13-49
	android:launchMode
		ADDED from src\main\AndroidManifest.xml:31:13-44
	android:name
		ADDED from src\main\AndroidManifest.xml:30:13-73
activity#com.way.pattern.GuideGesturePasswordActivity
ADDED from src\main\AndroidManifest.xml:33:9-36:52
	android:screenOrientation
		ADDED from src\main\AndroidManifest.xml:36:13-49
	android:launchMode
		ADDED from src\main\AndroidManifest.xml:35:13-44
	android:name
		ADDED from src\main\AndroidManifest.xml:34:13-72
activity#com.way.MainActivity
ADDED from src\main\AndroidManifest.xml:38:9-56
	android:name
		ADDED from src\main\AndroidManifest.xml:38:19-54
activity#com.way.usercenter.MyInformation
ADDED from src\main\AndroidManifest.xml:41:10-69
	android:name
		ADDED from src\main\AndroidManifest.xml:41:20-67
activity#com.way.usercenter.MyInformationEdit
ADDED from src\main\AndroidManifest.xml:42:9-72
	android:name
		ADDED from src\main\AndroidManifest.xml:42:19-70
activity#com.way.mylock.CommunicationActivity
ADDED from src\main\AndroidManifest.xml:43:9-72
	android:name
		ADDED from src\main\AndroidManifest.xml:43:19-70
activity#com.way.mylock.FindNewDeviceActivity
ADDED from src\main\AndroidManifest.xml:44:9-72
	android:name
		ADDED from src\main\AndroidManifest.xml:44:19-70
activity#com.way.mylock.ConfigActivity
ADDED from src\main\AndroidManifest.xml:45:9-65
	android:name
		ADDED from src\main\AndroidManifest.xml:45:19-63
uses-permission#android.permission.ACCESS_COARSE_LOCATION
ADDED from [:FastBleLib] AndroidManifest.xml:13:5-81
	android:name
		ADDED from [:FastBleLib] AndroidManifest.xml:13:22-78
uses-permission#android.permission.ACCESS_FINE_LOCATION
ADDED from [:FastBleLib] AndroidManifest.xml:14:5-79
	android:name
		ADDED from [:FastBleLib] AndroidManifest.xml:14:22-76